This is pdfTeX, Version 3.141592653-2.6-1.40.25 (TeX Live 2023) (preloaded format=pdflatex 2023.10.19)  17 APR 2024 19:27
entering extended mode
 restricted \write18 enabled.
 file:line:error style messages enabled.
 %&-line parsing enabled.
**/Users/pawelharaburda/Documents/sem6/systemy-wbudowane/latex-files/projekt.tex
(/Users/pawelharaburda/Documents/sem6/systemy-wbudowane/latex-files/projekt.tex
LaTeX2e <2022-11-01> patch level 1
L3 programming layer <2023-02-22> (/usr/local/texlive/2023/texmf-dist/tex/latex/base/article.cls
Document Class: article 2022/07/02 v1.4n Standard LaTeX document class
(/usr/local/texlive/2023/texmf-dist/tex/latex/base/size12.clo
File: size12.clo 2022/07/02 v1.4n Standard LaTeX file (size option)
)
\c@part=\count185
\c@section=\count186
\c@subsection=\count187
\c@subsubsection=\count188
\c@paragraph=\count189
\c@subparagraph=\count190
\c@figure=\count191
\c@table=\count192
\abovecaptionskip=\skip48
\belowcaptionskip=\skip49
\bibindent=\dimen140
) (/usr/local/texlive/2023/texmf-dist/tex/latex/polski/polski.sty
Package: polski 2021/08/25 v1.3.6 Polish language package

   Switching to Polish text encoding and Polish maths fonts.
(/usr/local/texlive/2023/texmf-dist/tex/latex/base/ot4enc.def
File: ot4enc.def 2021/04/29 v2.0v Standard LaTeX file
Now handling font encoding OT4 ...
... no UTF-8 mapping file for font encoding OT4
)
LaTeX Font Info:    Trying to load font information for OT4+cmr on input line 362.
 (/usr/local/texlive/2023/texmf-dist/tex/latex/polski/ot4cmr.fd
File: ot4cmr.fd 2008/02/24 v1.2.1 Font defs for fonts PL (MW)
)
LaTeX Font Info:    Overwriting math alphabet `\mathbf' in version `normal'
(Font)                  OT1/cmr/bx/n --> OT4/cmr/bx/n on input line 362.
LaTeX Font Info:    Overwriting math alphabet `\mathsf' in version `normal'
(Font)                  OT1/cmss/m/n --> OT4/cmss/m/n on input line 362.
LaTeX Font Info:    Overwriting math alphabet `\mathit' in version `normal'
(Font)                  OT1/cmr/m/it --> OT4/cmr/m/it on input line 362.
LaTeX Font Info:    Overwriting math alphabet `\mathtt' in version `normal'
(Font)                  OT1/cmtt/m/n --> OT4/cmtt/m/n on input line 362.
LaTeX Font Info:    Overwriting math alphabet `\mathsf' in version `bold'
(Font)                  OT1/cmss/bx/n --> OT4/cmss/bx/n on input line 362.
LaTeX Font Info:    Overwriting math alphabet `\mathit' in version `bold'
(Font)                  OT1/cmr/bx/it --> OT4/cmr/bx/it on input line 362.
LaTeX Font Info:    Encoding `OT1' has changed to `OT4' for symbol font
(Font)              `operators' in the math version `normal' on input line 362.
LaTeX Font Info:    Overwriting symbol font `operators' in version `normal'
(Font)                  OT1/cmr/m/n --> OT4/cmr/m/n on input line 362.
LaTeX Font Info:    Overwriting symbol font `letters' in version `normal'
(Font)                  OML/cmm/m/it --> OML/plm/m/it on input line 362.
LaTeX Font Info:    Overwriting symbol font `symbols' in version `normal'
(Font)                  OMS/cmsy/m/n --> OMS/plsy/m/n on input line 362.
LaTeX Font Info:    Overwriting symbol font `largesymbols' in version `normal'
(Font)                  OMX/cmex/m/n --> OMX/plex/m/n on input line 362.
LaTeX Font Info:    Encoding `OT1' has changed to `OT4' for symbol font
(Font)              `operators' in the math version `bold' on input line 362.
LaTeX Font Info:    Overwriting symbol font `operators' in version `bold'
(Font)                  OT1/cmr/bx/n --> OT4/cmr/bx/n on input line 362.
LaTeX Font Info:    Overwriting symbol font `letters' in version `bold'
(Font)                  OML/cmm/b/it --> OML/plm/b/it on input line 362.
LaTeX Font Info:    Overwriting symbol font `symbols' in version `bold'
(Font)                  OMS/cmsy/b/n --> OMS/plsy/b/n on input line 362.
) (/usr/local/texlive/2023/texmf-dist/tex/latex/geometry/geometry.sty
Package: geometry 2020/01/02 v5.9 Page Geometry
 (/usr/local/texlive/2023/texmf-dist/tex/latex/graphics/keyval.sty
Package: keyval 2022/05/29 v1.15 key=value parser (DPC)
\KV@toks@=\toks16
) (/usr/local/texlive/2023/texmf-dist/tex/generic/iftex/ifvtex.sty
Package: ifvtex 2019/10/25 v1.7 ifvtex legacy package. Use iftex instead.
 (/usr/local/texlive/2023/texmf-dist/tex/generic/iftex/iftex.sty
Package: iftex 2022/02/03 v1.0f TeX engine tests
))
\Gm@cnth=\count193
\Gm@cntv=\count194
\c@Gm@tempcnt=\count195
\Gm@bindingoffset=\dimen141
\Gm@wd@mp=\dimen142
\Gm@odd@mp=\dimen143
\Gm@even@mp=\dimen144
\Gm@layoutwidth=\dimen145
\Gm@layoutheight=\dimen146
\Gm@layouthoffset=\dimen147
\Gm@layoutvoffset=\dimen148
\Gm@dimlist=\toks17
) (/usr/local/texlive/2023/texmf-dist/tex/latex/l3backend/l3backend-pdftex.def
File: l3backend-pdftex.def 2023-01-16 L3 backend support: PDF output (pdfTeX)
\l__color_backend_stack_int=\count196
\l__pdf_internal_box=\box51
) (./projekt.aux

LaTeX Warning: Label `tab:tabela_pu' multiply defined.


LaTeX Warning: Label `tab:tabela_pu' multiply defined.


LaTeX Warning: Label `tab:tabela_pu' multiply defined.


LaTeX Warning: Label `tab:tabela_pu' multiply defined.


LaTeX Warning: Label `tab:tabela_pu' multiply defined.


LaTeX Warning: Label `tab:tabela_pu' multiply defined.


LaTeX Warning: Label `tab:tabela_pu' multiply defined.


LaTeX Warning: Label `tab:tabela_pu' multiply defined.


LaTeX Warning: Label `tab:tabela_pu' multiply defined.


LaTeX Warning: Label `tab:tabela_pu' multiply defined.


LaTeX Warning: Label `tab:tabela_pu' multiply defined.


LaTeX Warning: Label `tab:tabela_pu' multiply defined.


LaTeX Warning: Label `tab:tabela_pu' multiply defined.


LaTeX Warning: Label `tab:tabela_pu' multiply defined.

)
\openout1 = `projekt.aux'.

LaTeX Font Info:    Checking defaults for OML/cmm/m/it on input line 10.
LaTeX Font Info:    ... okay on input line 10.
LaTeX Font Info:    Checking defaults for OMS/cmsy/m/n on input line 10.
LaTeX Font Info:    ... okay on input line 10.
LaTeX Font Info:    Checking defaults for OT1/cmr/m/n on input line 10.
LaTeX Font Info:    ... okay on input line 10.
LaTeX Font Info:    Checking defaults for T1/cmr/m/n on input line 10.
LaTeX Font Info:    ... okay on input line 10.
LaTeX Font Info:    Checking defaults for TS1/cmr/m/n on input line 10.
LaTeX Font Info:    ... okay on input line 10.
LaTeX Font Info:    Checking defaults for OMX/cmex/m/n on input line 10.
LaTeX Font Info:    ... okay on input line 10.
LaTeX Font Info:    Checking defaults for U/cmr/m/n on input line 10.
LaTeX Font Info:    ... okay on input line 10.
LaTeX Font Info:    Checking defaults for OT4/cmr/m/n on input line 10.
LaTeX Font Info:    ... okay on input line 10.

*geometry* driver: auto-detecting
*geometry* detected driver: pdftex
*geometry* verbose mode - [ preamble ] result:
* driver: pdftex
* paper: <default>
* layout: <same size as paper>
* layoutoffset:(h,v)=(0.0pt,0.0pt)
* modes: 
* h-part:(L,W,R)=(56.9055pt, 500.484pt, 56.9055pt)
* v-part:(T,H,B)=(56.9055pt, 681.15898pt, 56.9055pt)
* \paperwidth=614.295pt
* \paperheight=794.96999pt
* \textwidth=500.484pt
* \textheight=681.15898pt
* \oddsidemargin=-15.36449pt
* \evensidemargin=-15.36449pt
* \topmargin=-52.36449pt
* \headheight=12.0pt
* \headsep=25.0pt
* \topskip=12.0pt
* \footskip=30.0pt
* \marginparwidth=44.0pt
* \marginparsep=10.0pt
* \columnsep=10.0pt
* \skip\footins=10.8pt plus 4.0pt minus 2.0pt
* \hoffset=0.0pt
* \voffset=0.0pt
* \mag=1000
* \@twocolumnfalse
* \@twosidefalse
* \@mparswitchfalse
* \@reversemarginfalse
* (1in=72.27pt=25.4mm, 1cm=28.453pt)

LaTeX Font Info:    Trying to load font information for OML+plm on input line 11.
(/usr/local/texlive/2023/texmf-dist/tex/latex/polski/omlplm.fd
File: omlplm.fd 2008/02/24 v1.2.1 Font defs for fonts PL (MW)
)
LaTeX Font Info:    Trying to load font information for OMS+plsy on input line 11.
 (/usr/local/texlive/2023/texmf-dist/tex/latex/polski/omsplsy.fd
File: omsplsy.fd 2008/02/24 v1.2.1 Font defs for fonts PL (MW)
)
LaTeX Font Info:    Trying to load font information for OMX+plex on input line 11.
 (/usr/local/texlive/2023/texmf-dist/tex/latex/polski/omxplex.fd
File: omxplex.fd 2008/02/24 v1.2.1 Font defs for fonts PL (MW)
)
LaTeX Font Info:    External font `plex10' loaded for size
(Font)              <14.4> on input line 11.
LaTeX Font Info:    External font `plex10' loaded for size
(Font)              <10> on input line 11.
LaTeX Font Info:    External font `plex10' loaded for size
(Font)              <7> on input line 11.
LaTeX Font Info:    External font `plex10' loaded for size
(Font)              <12> on input line 18.
LaTeX Font Info:    External font `plex10' loaded for size
(Font)              <8> on input line 18.
LaTeX Font Info:    External font `plex10' loaded for size
(Font)              <6> on input line 18.
 [1

{/usr/local/texlive/2023/texmf-var/fonts/map/pdftex/updmap/pdftex.map}{/usr/local/texlive/2023/texmf-dist/fonts/enc/dvips/pl/plrm.enc}{/usr/local/texlive/2023/texmf-dist/fonts/enc/dvips/cm-super/cm-super-ts1.enc}{/usr/local/texlive/2023/texmf-dist/fonts/enc/dvips/pl/plms.enc}{/usr/local/texlive/2023/texmf-dist/fonts/enc/dvips/pl/plit.enc}] [2]
Underfull \hbox (badness 10000) in paragraph at lines 65--65
[]\OT4/cmr/bx/n/12 Nazwa PU: \OT4/cmr/m/n/12 Wª¡-cze-nie
 []


Underfull \hbox (badness 10000) in paragraph at lines 67--67
[]\OT4/cmr/bx/n/12 Aktor pod-sta-wo-wy:
 []


Underfull \hbox (badness 1205) in paragraph at lines 84--84
[]\OT4/cmr/m/n/12 Uruchomienie dro-na, po-ja-wie-nie si¦ kon-tro-l-ki na
 []


Underfull \hbox (badness 10000) in paragraph at lines 84--84

 []


Underfull \hbox (badness 10000) in paragraph at lines 95--95

 []


Overfull \hbox (31.83997pt too wide) in paragraph at lines 63--98
 [][] 
 []


Underfull \hbox (badness 2717) in paragraph at lines 106--106
[]\OT4/cmr/bx/n/12 Nazwa PU: \OT4/cmr/m/n/12 Wy-ª¡-cze-nie
 []


Underfull \hbox (badness 10000) in paragraph at lines 108--108
[]\OT4/cmr/bx/n/12 Aktor pod-sta-wo-wy:
 []


Underfull \hbox (badness 10000) in paragraph at lines 125--125

 []


Underfull \hbox (badness 10000) in paragraph at lines 136--136

 []


Overfull \hbox (31.83997pt too wide) in paragraph at lines 104--139
 [][] 
 []


LaTeX Warning: `h' float specifier changed to `ht'.


Underfull \hbox (badness 10000) in paragraph at lines 147--147
[]\OT4/cmr/bx/n/12 Nazwa PU: \OT4/cmr/m/n/12 Wª¡-cze-nie
 []


Underfull \hbox (badness 10000) in paragraph at lines 149--149
[]\OT4/cmr/bx/n/12 Aktor pod-sta-wo-wy:
 []


Underfull \hbox (badness 10000) in paragraph at lines 166--166

 []


Underfull \hbox (badness 10000) in paragraph at lines 177--177

 []


Overfull \hbox (31.83997pt too wide) in paragraph at lines 145--180
 [][] 
 []


LaTeX Warning: `h' float specifier changed to `ht'.


Underfull \hbox (badness 2717) in paragraph at lines 188--188
[]\OT4/cmr/bx/n/12 Nazwa PU: \OT4/cmr/m/n/12 Wy-ª¡-cze-nie
 []


Underfull \hbox (badness 10000) in paragraph at lines 190--190
[]\OT4/cmr/bx/n/12 Aktor pod-sta-wo-wy:
 []


Underfull \hbox (badness 10000) in paragraph at lines 207--207

 []


Underfull \hbox (badness 10000) in paragraph at lines 218--218

 []


Overfull \hbox (31.83997pt too wide) in paragraph at lines 186--221
 [][] 
 []


LaTeX Warning: `h' float specifier changed to `ht'.


Underfull \hbox (badness 10000) in paragraph at lines 231--231
[]\OT4/cmr/bx/n/12 Aktor pod-sta-wo-wy:
 []


Underfull \hbox (badness 3919) in paragraph at lines 251--251
[]\OT4/cmr/m/n/12 Przytrzymanie przy-ci-sku 'uru-cho-mie-nie sil-ni-ków'
 []


Underfull \hbox (badness 10000) in paragraph at lines 251--251

 []


Underfull \hbox (badness 3919) in paragraph at lines 263--263
[]\OT4/cmr/m/n/12 Przytrzymanie przy-ci-sku 'uru-cho-mie-nie sil-ni-ków'
 []


Underfull \hbox (badness 10000) in paragraph at lines 263--263

 []


Overfull \hbox (31.83997pt too wide) in paragraph at lines 227--266
 [][] 
 []


LaTeX Warning: `h' float specifier changed to `ht'.


Underfull \hbox (badness 2717) in paragraph at lines 274--274
[]\OT4/cmr/bx/n/12 Nazwa PU: \OT4/cmr/m/n/12 Wy-ª¡-cze-nie
 []


Underfull \hbox (badness 10000) in paragraph at lines 276--276
[]\OT4/cmr/bx/n/12 Aktor pod-sta-wo-wy:
 []


Underfull \hbox (badness 10000) in paragraph at lines 295--295

 []


Underfull \hbox (badness 10000) in paragraph at lines 306--306

 []


Overfull \hbox (31.83997pt too wide) in paragraph at lines 272--309
 [][] 
 []


LaTeX Warning: `h' float specifier changed to `ht'.


Underfull \hbox (badness 10000) in paragraph at lines 338--338

 []


Underfull \hbox (badness 10000) in paragraph at lines 349--349

 []


Overfull \hbox (31.83997pt too wide) in paragraph at lines 316--352
 [][] 
 []


LaTeX Warning: `h' float specifier changed to `ht'.


Underfull \hbox (badness 10000) in paragraph at lines 380--380

 []


Underfull \hbox (badness 10000) in paragraph at lines 391--391

 []


Overfull \hbox (31.83997pt too wide) in paragraph at lines 358--394
 [][] 
 []


LaTeX Warning: `h' float specifier changed to `ht'.


Underfull \hbox (badness 10000) in paragraph at lines 421--421

 []


Underfull \hbox (badness 10000) in paragraph at lines 432--432

 []


Overfull \hbox (31.83997pt too wide) in paragraph at lines 400--435
 [][] 
 []


LaTeX Warning: `h' float specifier changed to `ht'.


Underfull \hbox (badness 10000) in paragraph at lines 462--462

 []


Underfull \hbox (badness 10000) in paragraph at lines 473--473

 []


Overfull \hbox (31.83997pt too wide) in paragraph at lines 441--476
 [][] 
 []


LaTeX Warning: `h' float specifier changed to `ht'.


Underfull \hbox (badness 10000) in paragraph at lines 491--491
[]\OT4/cmr/bx/n/12 Aktor pod-sta-wo-wy:
 []


Underfull \hbox (badness 4316) in paragraph at lines 495--495
[]\OT4/cmr/bx/n/12 Wyzwalacz:  \OT4/cmr/m/n/12 wci-±nie-cie
 []


Underfull \hbox (badness 10000) in paragraph at lines 511--511

 []


Underfull \hbox (badness 10000) in paragraph at lines 526--526

 []


Overfull \hbox (31.83997pt too wide) in paragraph at lines 487--529
 [][] 
 []


LaTeX Warning: `h' float specifier changed to `ht'.


Underfull \hbox (badness 8132) in paragraph at lines 538--538
[]\OT4/cmr/bx/n/12 Nazwa PU: \OT4/cmr/m/n/12 Ka-li-bra-cja
 []


Underfull \hbox (badness 10000) in paragraph at lines 540--540
[]\OT4/cmr/bx/n/12 Aktor pod-sta-wo-wy:
 []


Underfull \hbox (badness 2245) in paragraph at lines 544--544
[]\OT4/cmr/bx/n/12 Wyzwalacz: Wci-±ni¦-cie
 []


Underfull \hbox (badness 5064) in paragraph at lines 566--566
[]\OT4/cmr/m/n/12 wci±ni¦cie przy-ci-sku roz-po-czy-na-j¡-ce-go ka-li-bra-cje
 []


Underfull \hbox (badness 10000) in paragraph at lines 566--566

 []


Underfull \hbox (badness 10000) in paragraph at lines 580--580

 []


Overfull \hbox (31.83997pt too wide) in paragraph at lines 536--583
 [][] 
 []


LaTeX Warning: `h' float specifier changed to `ht'.


Underfull \hbox (badness 4940) in paragraph at lines 592--592
[]\OT4/cmr/bx/n/12 Nazwa PU: \OT4/cmr/m/n/12 Ša-do-wa-nie
 []


Underfull \hbox (badness 10000) in paragraph at lines 594--594
[]\OT4/cmr/bx/n/12 Aktor pod-sta-wo-wy:
 []


Underfull \hbox (badness 1173) in paragraph at lines 598--598
\OT4/cmr/m/n/12 bla USB-C (pod-ª¡-czo-ne-go
 []


Underfull \hbox (badness 10000) in paragraph at lines 620--620

 []


Underfull \hbox (badness 10000) in paragraph at lines 630--630

 []


LaTeX Warning: `h' float specifier changed to `ht'.


Underfull \hbox (badness 4940) in paragraph at lines 645--645
[]\OT4/cmr/bx/n/12 Nazwa PU: \OT4/cmr/m/n/12 Ša-do-wa-nie
 []


Underfull \hbox (badness 10000) in paragraph at lines 647--647
[]\OT4/cmr/bx/n/12 Aktor pod-sta-wo-wy:
 []


Underfull \hbox (badness 1173) in paragraph at lines 651--651
\OT4/cmr/m/n/12 bla USB-C (pod-ª¡-czo-ne-go
 []


Underfull \hbox (badness 10000) in paragraph at lines 673--673

 []


Underfull \hbox (badness 10000) in paragraph at lines 683--683

 []


LaTeX Warning: `h' float specifier changed to `ht'.


Underfull \hbox (badness 10000) in paragraph at lines 718--718

 []


Overfull \hbox (197.83568pt too wide) in paragraph at lines 695--726
 [][] 
 []


LaTeX Warning: `h' float specifier changed to `ht'.

[3] [4] [5] [6] [7] [8] [9] [10] [11{/usr/local/texlive/2023/texmf-dist/fonts/enc/dvips/pl/plmi.enc}] [12] [13] [14] (./projekt.aux)

LaTeX Warning: There were multiply-defined labels.

 ) 
Here is how much of TeX's memory you used:
 1334 strings out of 476025
 22465 string characters out of 5790016
 1908388 words of memory out of 5000000
 21808 multiletter control sequences out of 15000+600000
 523126 words of font info for 59 fonts, out of 8000000 for 9000
 1141 hyphenation exceptions out of 8191
 57i,11n,62p,781b,380s stack positions out of 10000i,1000n,20000p,200000b,200000s
</usr/local/texlive/2023/texmf-dist/fonts/type1/public/pl/plbx12.pfb></usr/local/texlive/2023/texmf-dist/fonts/type1/public/pl/plmi12.pfb></usr/local/texlive/2023/texmf-dist/fonts/type1/public/pl/plr12.pfb></usr/local/texlive/2023/texmf-dist/fonts/type1/public/pl/plr17.pfb></usr/local/texlive/2023/texmf-dist/fonts/type1/public/pl/plsy10.pfb></usr/local/texlive/2023/texmf-dist/fonts/type1/public/pl/plti12.pfb></usr/local/texlive/2023/texmf-dist/fonts/type1/public/cm-super/sfrm1200.pfb>
Output written on projekt.pdf (14 pages, 83491 bytes).
PDF statistics:
 90 PDF objects out of 1000 (max. 8388607)
 59 compressed objects within 1 object stream
 0 named destinations out of 1000 (max. 500000)
 1 words of extra memory for PDF output out of 10000 (max. 10000000)

